<?xml version="1.0" encoding="UTF-8"?>
<!-- Generated by org.testng.reporters.JUnitReportReporter -->
<testsuite skipped="0" hostname="FULL784-PRO.local" name="com.answerconnect.deployment.testcases.Sign_In_Anct" tests="1" failures="0" timestamp="2022-03-03T13:16:26 IST" time="70.214" errors="0">
  <testcase name="signIn" time="70.214" classname="com.answerconnect.deployment.testcases.Sign_In_Anct"/>
  <system-out/>
</testsuite> <!-- com.answerconnect.deployment.testcases.Sign_In_Anct -->
